Log file open, 05/10/23 17:30:02
LogWindows: Failed to load 'aqProf.dll' (GetLastError=126)
LogWindows: File 'aqProf.dll' does not exist
LogWindows: Failed to load 'VtuneApi.dll' (GetLastError=126)
LogWindows: File 'VtuneApi.dll' does not exist
LogWindows: Failed to load 'VtuneApi32e.dll' (GetLastError=126)
LogWindows: File 'VtuneApi32e.dll' does not exist
LogConsoleResponse: Display: Failed to find resolution value strings in scalability ini. Falling back to default.
LogConsoleResponse: Display: Failed to find resolution value strings in scalability ini. Falling back to default.
LogInit: Display: Running engine for game: UnrealAI
LogPlatformFile: Not using cached read wrapper
LogTaskGraph: Started task graph with 5 named threads and 35 total threads with 3 sets of task threads.
LogStats: Stats thread started at 0.172007
LogICUInternationalization: ICU TimeZone Detection - Raw Offset: +0:00, Platform Override: ''
LogInit: Display: Loading text-based GConfig....
LogPluginManager: Mounting plugin MeshPainting
LogPluginManager: Mounting plugin XGEController
LogPluginManager: Mounting plugin Paper2D
LogPluginManager: Mounting plugin LiveLink
LogPluginManager: Mounting plugin AISupport
LogPluginManager: Mounting plugin LightPropagationVolume
LogPluginManager: Mounting plugin BlueprintMaterialTextureNodes
LogPluginManager: Mounting plugin CryptoKeys
LogPluginManager: Mounting plugin GameplayCameras
LogPluginManager: Mounting plugin AssetManagerEditor
LogPluginManager: Mounting plugin CurveEditorTools
LogPluginManager: Mounting plugin CameraShakePreviewer
LogPluginManager: Mounting plugin GameplayTagsEditor
LogPluginManager: Mounting plugin FacialAnimation
LogPluginManager: Mounting plugin GeometryMode
LogPluginManager: Mounting plugin DataValidation
LogPluginManager: Mounting plugin MacGraphicsSwitching
LogPluginManager: Mounting plugin MaterialAnalyzer
LogPluginManager: Mounting plugin MobileLauncherProfileWizard
LogPluginManager: Mounting plugin PluginBrowser
LogPluginManager: Mounting plugin SpeedTreeImporter
LogPluginManager: Mounting plugin CodeLiteSourceCodeAccess
LogPluginManager: Mounting plugin CLionSourceCodeAccess
LogPluginManager: Mounting plugin AnimationSharing
LogPluginManager: Mounting plugin PerforceSourceControl
LogPluginManager: Mounting plugin KDevelopSourceCodeAccess
LogPluginManager: Mounting plugin NullSourceCodeAccess
LogPluginManager: Mounting plugin GitSourceControl
LogPluginManager: Mounting plugin PixWinPlugin
LogPluginManager: Mounting plugin AlembicImporter
LogPluginManager: Mounting plugin PlasticSourceControl
LogPluginManager: Mounting plugin PluginUtils
LogPluginManager: Mounting plugin PropertyAccessNode
LogPluginManager: Mounting plugin AutomationUtils
LogPluginManager: Mounting plugin BackChannel
LogPluginManager: Mounting plugin RiderSourceCodeAccess
LogPluginManager: Mounting plugin SubversionSourceControl
LogPluginManager: Mounting plugin ChaosCloth
LogPluginManager: Mounting plugin TextureFormatOodle
LogPluginManager: Mounting plugin ChaosClothEditor
LogPluginManager: Mounting plugin UObjectPlugin
LogPluginManager: Mounting plugin ChaosEditor
LogPluginManager: Mounting plugin ChaosNiagara
LogPluginManager: Mounting plugin ChaosSolverPlugin
LogPluginManager: Mounting plugin VisualStudioCodeSourceCodeAccess
LogPluginManager: Mounting plugin VisualStudioSourceCodeAccess
LogPluginManager: Mounting plugin CharacterAI
LogPluginManager: Mounting plugin XCodeSourceCodeAccess
LogPluginManager: Mounting plugin Niagara
LogPluginManager: Mounting plugin GeometryCache
LogPluginManager: Mounting plugin GeometryProcessing
LogPluginManager: Mounting plugin GeometryCollectionPlugin
LogPluginManager: Mounting plugin Landmass
LogPluginManager: Mounting plugin OpenImageDenoise
LogPluginManager: Mounting plugin MotoSynth
LogPluginManager: Mounting plugin PlanarCut
LogPluginManager: Mounting plugin PlatformCrypto
LogPluginManager: Mounting plugin ProxyLODPlugin
LogPluginManager: Mounting plugin PythonScriptPlugin
LogPluginManager: Mounting plugin SkeletalReduction
LogPluginManager: Mounting plugin Volumetrics
LogPluginManager: Mounting plugin LuminPlatformFeatures
LogPluginManager: Mounting plugin MagicLeap
LogPluginManager: Mounting plugin MagicLeapLightEstimation
LogPluginManager: Mounting plugin AndroidMedia
LogPluginManager: Mounting plugin MagicLeapMedia
LogPluginManager: Mounting plugin MagicLeapPassableWorld
LogPluginManager: Mounting plugin AvfMedia
LogPluginManager: Mounting plugin MLSDK
LogPluginManager: Mounting plugin MediaCompositing
LogPluginManager: Mounting plugin ImgMedia
LogPluginManager: Mounting plugin MediaPlayerEditor
LogPluginManager: Mounting plugin WebMMedia
LogPluginManager: Mounting plugin WmfMedia
LogPluginManager: Mounting plugin TcpMessaging
LogPluginManager: Mounting plugin UdpMessaging
LogPluginManager: Mounting plugin ActorSequence
LogPluginManager: Mounting plugin MatineeToLevelSequence
LogPluginManager: Mounting plugin LevelSequenceEditor
LogPluginManager: Mounting plugin TemplateSequence
LogPluginManager: Mounting plugin DatasmithContent
LogPluginManager: Mounting plugin VariantManagerContent
LogPluginManager: Mounting plugin OnlineSubsystem
LogPluginManager: Mounting plugin OnlineSubsystemNull
LogPluginManager: Mounting plugin OnlineSubsystemUtils
LogPluginManager: Mounting plugin LauncherChunkInstaller
LogPluginManager: Mounting plugin ActorLayerUtilities
LogPluginManager: Mounting plugin AndroidDeviceProfileSelector
LogPluginManager: Mounting plugin AndroidPermission
LogPluginManager: Mounting plugin AndroidMoviePlayer
LogPluginManager: Mounting plugin AppleMoviePlayer
LogPluginManager: Mounting plugin AppleImageUtils
LogPluginManager: Mounting plugin ArchVisCharacter
LogPluginManager: Mounting plugin AssetTags
LogPluginManager: Mounting plugin AudioCapture
LogPluginManager: Mounting plugin AudioSynesthesia
LogPluginManager: Mounting plugin CableComponent
LogPluginManager: Mounting plugin ChunkDownloader
LogPluginManager: Mounting plugin CustomMeshComponent
LogPluginManager: Mounting plugin EditableMesh
LogPluginManager: Mounting plugin ExampleDeviceProfileSelector
LogPluginManager: Mounting plugin GoogleCloudMessaging
LogPluginManager: Mounting plugin GooglePAD
LogPluginManager: Mounting plugin IOSDeviceProfileSelector
LogPluginManager: Mounting plugin LinuxDeviceProfileSelector
LogPluginManager: Mounting plugin MobilePatchingUtils
LogPluginManager: Mounting plugin LocationServicesBPLibrary
LogPluginManager: Mounting plugin ScreenshotTools
LogPluginManager: Mounting plugin OpenXR
LogPluginManager: Mounting plugin OpenXRHandTracking
LogPluginManager: Mounting plugin OpenXREyeTracker
LogPluginManager: Mounting plugin PhysXVehicles
LogPluginManager: Mounting plugin PostSplashScreen
LogPluginManager: Mounting plugin PropertyAccessEditor
LogPluginManager: Mounting plugin ProceduralMeshComponent
LogPluginManager: Mounting plugin RuntimePhysXCooking
LogPluginManager: Mounting plugin SoundFields
LogPluginManager: Mounting plugin SignificanceManager
LogPluginManager: Mounting plugin Synthesis
LogPluginManager: Mounting plugin WebMMoviePlayer
LogPluginManager: Mounting plugin WindowsMoviePlayer
LogPluginManager: Mounting plugin OodleData
LogPluginManager: Mounting plugin Takes
LogPluginManager: Mounting plugin OodleNetwork
LogPluginManager: Mounting plugin EnvironmentQueryEditor
LogPluginManager: Mounting plugin ContentBrowserAssetDataSource
LogPluginManager: Mounting plugin ContentBrowserClassDataSource
LogPluginManager: Mounting plugin ContentBrowserFileDataSource
LogPluginManager: Mounting plugin OnlineSubsystemGooglePlay
LogPluginManager: Mounting plugin OnlineSubsystemIOS
LogPluginManager: Mounting plugin OculusVR
LogPluginManager: Mounting plugin SteamVR
PixWinPlugin: PIX capture plugin failed to initialize! Check that the process is launched from PIX.
LogInit: Using libcurl 7.55.1-DEV
LogInit:  - built for x86_64-pc-win32
LogInit:  - supports SSL with OpenSSL/1.1.1
LogInit:  - supports HTTP deflate (compression) using libz 1.2.8
LogInit:  - other features:
LogInit:      CURL_VERSION_SSL
LogInit:      CURL_VERSION_LIBZ
LogInit:      CURL_VERSION_IPV6
LogInit:      CURL_VERSION_ASYNCHDNS
LogInit:      CURL_VERSION_LARGEFILE
LogInit:      CURL_VERSION_IDN
LogInit:  CurlRequestOptions (configurable via config and command line):
LogInit:  - bVerifyPeer = true  - Libcurl will verify peer certificate
LogInit:  - bUseHttpProxy = false  - Libcurl will NOT use HTTP proxy
LogInit:  - bDontReuseConnections = false  - Libcurl will reuse connections
LogInit:  - MaxHostConnections = 16  - Libcurl will limit the number of connections to a host
LogInit:  - LocalHostAddr = Default
LogInit:  - BufferSize = 65536
LogOnline: OSS: Creating online subsystem instance for: NULL
LogInit: WinSock: version 1.1 (2.2), MaxSocks=32767, MaxUdp=65467
LogOnline: OSS: TryLoadSubsystemAndSetDefault: Loaded subsystem for module [NULL]
LogOculusPluginWrapper: OculusPlugin initialized successfully
LogHMD: Failed initializing OVRPlugin 1.59.0
LogInit: Build: ++UE4+Release-4.27-CL-18319896
LogInit: Engine Version: 4.27.2-18319896+++UE4+Release-4.27
LogInit: Compatible Engine Version: 4.27.0-17155196+++UE4+Release-4.27
LogInit: Net CL: 17155196
LogInit: OS: Windows 10 (Release 2009) (), CPU: AMD Ryzen 5 5600X 6-Core Processor             , GPU: NVIDIA GeForce RTX 3060
LogInit: Compiled (64-bit): Nov 30 2021 07:12:08
LogInit: Compiled with Visual C++: 19.24.28315.00
LogInit: Build Configuration: Development
LogInit: Branch Name: ++UE4+Release-4.27
LogInit: Command Line: 
LogInit: Base Directory: E:/UE_4.27/Engine/Binaries/Win64/
LogInit: Allocator: TBB
LogInit: Installed Engine Build: 1
LogDevObjectVersion: Number of dev versions registered: 29
LogDevObjectVersion:   Dev-Blueprints (B0D832E4-1F89-4F0D-ACCF-7EB736FD4AA2): 10
LogDevObjectVersion:   Dev-Build (E1C64328-A22C-4D53-A36C-8E866417BD8C): 0
LogDevObjectVersion:   Dev-Core (375EC13C-06E4-48FB-B500-84F0262A717E): 4
LogDevObjectVersion:   Dev-Editor (E4B068ED-F494-42E9-A231-DA0B2E46BB41): 40
LogDevObjectVersion:   Dev-Framework (CFFC743F-43B0-4480-9391-14DF171D2073): 37
LogDevObjectVersion:   Dev-Mobile (B02B49B5-BB20-44E9-A304-32B752E40360): 3
LogDevObjectVersion:   Dev-Networking (A4E4105C-59A1-49B5-A7C5-40C4547EDFEE): 0
LogDevObjectVersion:   Dev-Online (39C831C9-5AE6-47DC-9A44-9C173E1C8E7C): 0
LogDevObjectVersion:   Dev-Physics (78F01B33-EBEA-4F98-B9B4-84EACCB95AA2): 14
LogDevObjectVersion:   Dev-Platform (6631380F-2D4D-43E0-8009-CF276956A95A): 0
LogDevObjectVersion:   Dev-Rendering (12F88B9F-8875-4AFC-A67C-D90C383ABD29): 45
LogDevObjectVersion:   Dev-Sequencer (7B5AE74C-D270-4C10-A958-57980B212A5A): 13
LogDevObjectVersion:   Dev-VR (D7296918-1DD6-4BDD-9DE2-64A83CC13884): 3
LogDevObjectVersion:   Dev-LoadTimes (C2A15278-BFE7-4AFE-6C17-90FF531DF755): 1
LogDevObjectVersion:   Private-Geometry (6EACA3D4-40EC-4CC1-B786-8BED09428FC5): 3
LogDevObjectVersion:   Dev-AnimPhys (29E575DD-E0A3-4627-9D10-D276232CDCEA): 17
LogDevObjectVersion:   Dev-Anim (AF43A65D-7FD3-4947-9873-3E8ED9C1BB05): 15
LogDevObjectVersion:   Dev-ReflectionCapture (6B266CEC-1EC7-4B8F-A30B-E4D90942FC07): 1
LogDevObjectVersion:   Dev-Automation (0DF73D61-A23F-47EA-B727-89E90C41499A): 1
LogDevObjectVersion:   FortniteMain (601D1886-AC64-4F84-AA16-D3DE0DEAC7D6): 47
LogDevObjectVersion:   FortniteRelease (E7086368-6B23-4C58-8439-1B7016265E91): 1
LogDevObjectVersion:   Dev-Enterprise (9DFFBCD6-494F-0158-E221-12823C92A888): 10
LogDevObjectVersion:   Dev-Niagara (F2AED0AC-9AFE-416F-8664-AA7FFA26D6FC): 1
LogDevObjectVersion:   Dev-Destruction (174F1F0B-B4C6-45A5-B13F-2EE8D0FB917D): 10
LogDevObjectVersion:   Dev-Physics-Ext (35F94A83-E258-406C-A318-09F59610247C): 41
LogDevObjectVersion:   Dev-PhysicsMaterial-Chaos (B68FC16E-8B1B-42E2-B453-215C058844FE): 1
LogDevObjectVersion:   Dev-CineCamera (B2E18506-4273-CFC2-A54E-F4BB758BBA07): 1
LogDevObjectVersion:   Dev-VirtualProduction (64F58936-FD1B-42BA-BA96-7289D5D0FA4E): 1
LogDevObjectVersion:   Dev-MediaFramework (6F0ED827-A609-4895-9C91-998D90180EA4): 2
LogInit: Presizing for max 25165824 objects, including 0 objects not considered by GC, pre-allocating 0 bytes for permanent pool.
LogConfig: Applying CVar settings from Section [/Script/Engine.StreamingSettings] File [F:/Uni Work/UnrealAI/Saved/Config/Windows/Engine.ini]
LogConfig: Setting CVar [[s.MinBulkDataSizeForAsyncLoading:131072]]
LogConfig: Setting CVar [[s.AsyncLoadingThreadEnabled:0]]
LogConfig: Setting CVar [[s.EventDrivenLoaderEnabled:1]]
LogConfig: Setting CVar [[s.WarnIfTimeLimitExceeded:0]]
LogConfig: Setting CVar [[s.TimeLimitExceededMultiplier:1.5]]
LogConfig: Setting CVar [[s.TimeLimitExceededMinTime:0.005]]
LogConfig: Setting CVar [[s.UseBackgroundLevelStreaming:1]]
LogConfig: Setting CVar [[s.PriorityAsyncLoadingExtraTime:15.0]]
LogConfig: Setting CVar [[s.LevelStreamingActorsUpdateTimeLimit:5.0]]
LogConfig: Setting CVar [[s.PriorityLevelStreamingActorsUpdateExtraTime:5.0]]
LogConfig: Setting CVar [[s.LevelStreamingComponentsRegistrationGranularity:10]]
LogConfig: Setting CVar [[s.UnregisterComponentsTimeLimit:1.0]]
LogConfig: Setting CVar [[s.LevelStreamingComponentsUnregistrationGranularity:5]]
LogConfig: Setting CVar [[s.FlushStreamingOnExit:1]]
LogInit: Object subsystem initialized
LogConfig: Setting CVar [[con.DebugEarlyDefault:1]]
LogConfig: Setting CVar [[r.setres:1280x720]]
[2023.05.10-16.30.03:223][  0]LogConfig: Setting CVar [[r.VSync:0]]
[2023.05.10-16.30.03:223][  0]LogConfig: Setting CVar [[r.RHICmdBypass:0]]
[2023.05.10-16.30.03:223][  0]LogConfig: Applying CVar settings from Section [/Script/Engine.RendererSettings] File [F:/Uni Work/UnrealAI/Saved/Config/Windows/Engine.ini]
[2023.05.10-16.30.03:223][  0]LogConfig: Setting CVar [[r.GPUCrashDebugging:0]]
[2023.05.10-16.30.03:223][  0]LogConfig: Setting CVar [[r.SupportSkyAtmosphereAffectsHeightFog:1]]
[2023.05.10-16.30.03:223][  0]LogConfig: Applying CVar settings from Section [/Script/Engine.RendererOverrideSettings] File [F:/Uni Work/UnrealAI/Saved/Config/Windows/Engine.ini]
[2023.05.10-16.30.03:223][  0]LogConfig: Applying CVar settings from Section [/Script/Engine.StreamingSettings] File [F:/Uni Work/UnrealAI/Saved/Config/Windows/Engine.ini]
[2023.05.10-16.30.03:223][  0]LogConfig: Setting CVar [[s.MinBulkDataSizeForAsyncLoading:131072]]
[2023.05.10-16.30.03:223][  0]LogConfig: Setting CVar [[s.AsyncLoadingThreadEnabled:0]]
[2023.05.10-16.30.03:223][  0]LogConfig: Setting CVar [[s.EventDrivenLoaderEnabled:1]]
[2023.05.10-16.30.03:223][  0]LogConfig: Setting CVar [[s.WarnIfTimeLimitExceeded:0]]
[2023.05.10-16.30.03:223][  0]LogConfig: Setting CVar [[s.TimeLimitExceededMultiplier:1.5]]
[2023.05.10-16.30.03:223][  0]LogConfig: Setting CVar [[s.TimeLimitExceededMinTime:0.005]]
[2023.05.10-16.30.03:223][  0]LogConfig: Setting CVar [[s.UseBackgroundLevelStreaming:1]]
[2023.05.10-16.30.03:223][  0]LogConfig: Setting CVar [[s.PriorityAsyncLoadingExtraTime:15.0]]
[2023.05.10-16.30.03:223][  0]LogConfig: Setting CVar [[s.LevelStreamingActorsUpdateTimeLimit:5.0]]
[2023.05.10-16.30.03:223][  0]LogConfig: Setting CVar [[s.PriorityLevelStreamingActorsUpdateExtraTime:5.0]]
[2023.05.10-16.30.03:223][  0]LogConfig: Setting CVar [[s.LevelStreamingComponentsRegistrationGranularity:10]]
[2023.05.10-16.30.03:223][  0]LogConfig: Setting CVar [[s.UnregisterComponentsTimeLimit:1.0]]
[2023.05.10-16.30.03:223][  0]LogConfig: Setting CVar [[s.LevelStreamingComponentsUnregistrationGranularity:5]]
[2023.05.10-16.30.03:223][  0]LogConfig: Setting CVar [[s.FlushStreamingOnExit:1]]
[2023.05.10-16.30.03:223][  0]LogConfig: Applying CVar settings from Section [/Script/Engine.GarbageCollectionSettings] File [F:/Uni Work/UnrealAI/Saved/Config/Windows/Engine.ini]
[2023.05.10-16.30.03:223][  0]LogConfig: Setting CVar [[gc.MaxObjectsNotConsideredByGC:1]]
[2023.05.10-16.30.03:223][  0]LogConfig: Setting CVar [[gc.SizeOfPermanentObjectPool:0]]
[2023.05.10-16.30.03:223][  0]LogConfig: Setting CVar [[gc.FlushStreamingOnGC:0]]
[2023.05.10-16.30.03:223][  0]LogConfig: Setting CVar [[gc.NumRetriesBeforeForcingGC:10]]
[2023.05.10-16.30.03:223][  0]LogConfig: Setting CVar [[gc.AllowParallelGC:1]]
[2023.05.10-16.30.03:223][  0]LogConfig: Setting CVar [[gc.TimeBetweenPurgingPendingKillObjects:61.1]]
[2023.05.10-16.30.03:223][  0]LogConfig: Setting CVar [[gc.MaxObjectsInEditor:25165824]]
[2023.05.10-16.30.03:223][  0]LogConfig: Setting CVar [[gc.IncrementalBeginDestroyEnabled:1]]
[2023.05.10-16.30.03:223][  0]LogConfig: Setting CVar [[gc.CreateGCClusters:1]]
[2023.05.10-16.30.03:223][  0]LogConfig: Setting CVar [[gc.MinGCClusterSize:5]]
[2023.05.10-16.30.03:223][  0]LogConfig: Setting CVar [[gc.ActorClusteringEnabled:0]]
[2023.05.10-16.30.03:223][  0]LogConfig: Setting CVar [[gc.BlueprintClusteringEnabled:0]]
[2023.05.10-16.30.03:223][  0]LogConfig: Setting CVar [[gc.UseDisregardForGCOnDedicatedServers:0]]
[2023.05.10-16.30.03:223][  0]LogConfig: Setting CVar [[gc.MultithreadedDestructionEnabled:1]]
[2023.05.10-16.30.03:223][  0]LogConfig: Applying CVar settings from Section [/Script/Engine.NetworkSettings] File [F:/Uni Work/UnrealAI/Saved/Config/Windows/Engine.ini]
[2023.05.10-16.30.03:223][  0]LogConfig: Applying CVar settings from Section [/Script/UnrealEd.CookerSettings] File [F:/Uni Work/UnrealAI/Saved/Config/Windows/Engine.ini]
[2023.05.10-16.30.03:229][  0]LogConfig: Applying CVar settings from Section [ViewDistanceQuality@3] File [F:/Uni Work/UnrealAI/Saved/Config/Windows/Scalability.ini]
[2023.05.10-16.30.03:229][  0]LogConfig: Setting CVar [[r.SkeletalMeshLODBias:0]]
[2023.05.10-16.30.03:229][  0]LogConfig: Setting CVar [[r.ViewDistanceScale:1.0]]
[2023.05.10-16.30.03:229][  0]LogConfig: Applying CVar settings from Section [AntiAliasingQuality@3] File [F:/Uni Work/UnrealAI/Saved/Config/Windows/Scalability.ini]
[2023.05.10-16.30.03:229][  0]LogConfig: Setting CVar [[r.PostProcessAAQuality:4]]
[2023.05.10-16.30.03:229][  0]LogConfig: Applying CVar settings from Section [ShadowQuality@3] File [F:/Uni Work/UnrealAI/Saved/Config/Windows/Scalability.ini]
[2023.05.10-16.30.03:229][  0]LogConfig: Setting CVar [[r.LightFunctionQuality:1]]
[2023.05.10-16.30.03:229][  0]LogConfig: Setting CVar [[r.ShadowQuality:5]]
[2023.05.10-16.30.03:229][  0]LogConfig: Setting CVar [[r.Shadow.CSM.MaxCascades:10]]
[2023.05.10-16.30.03:229][  0]LogConfig: Setting CVar [[r.Shadow.MaxResolution:2048]]
[2023.05.10-16.30.03:229][  0]LogConfig: Setting CVar [[r.Shadow.MaxCSMResolution:2048]]
[2023.05.10-16.30.03:229][  0]LogConfig: Setting CVar [[r.Shadow.RadiusThreshold:0.01]]
[2023.05.10-16.30.03:229][  0]LogConfig: Setting CVar [[r.Shadow.DistanceScale:1.0]]
[2023.05.10-16.30.03:229][  0]LogConfig: Setting CVar [[r.Shadow.CSM.TransitionScale:1.0]]
[2023.05.10-16.30.03:229][  0]LogConfig: Setting CVar [[r.Shadow.PreShadowResolutionFactor:1.0]]
[2023.05.10-16.30.03:229][  0]LogConfig: Setting CVar [[r.DistanceFieldShadowing:1]]
[2023.05.10-16.30.03:229][  0]LogConfig: Setting CVar [[r.DistanceFieldAO:1]]
[2023.05.10-16.30.03:229][  0]LogConfig: Setting CVar [[r.AOQuality:2]]
[2023.05.10-16.30.03:229][  0]LogConfig: Setting CVar [[r.VolumetricFog:1]]
[2023.05.10-16.30.03:229][  0]LogConfig: Setting CVar [[r.VolumetricFog.GridPixelSize:8]]
[2023.05.10-16.30.03:229][  0]LogConfig: Setting CVar [[r.VolumetricFog.GridSizeZ:128]]
[2023.05.10-16.30.03:229][  0]LogConfig: Setting CVar [[r.VolumetricFog.HistoryMissSupersampleCount:4]]
[2023.05.10-16.30.03:229][  0]LogConfig: Setting CVar [[r.LightMaxDrawDistanceScale:1]]
[2023.05.10-16.30.03:229][  0]LogConfig: Setting CVar [[r.CapsuleShadows:1]]
[2023.05.10-16.30.03:229][  0]LogConfig: Applying CVar settings from Section [PostProcessQuality@3] File [F:/Uni Work/UnrealAI/Saved/Config/Windows/Scalability.ini]
[2023.05.10-16.30.03:229][  0]LogConfig: Setting CVar [[r.MotionBlurQuality:4]]
[2023.05.10-16.30.03:229][  0]LogConfig: Setting CVar [[r.AmbientOcclusionMipLevelFactor:0.4]]
[2023.05.10-16.30.03:229][  0]LogConfig: Setting CVar [[r.AmbientOcclusionMaxQuality:100]]
[2023.05.10-16.30.03:229][  0]LogConfig: Setting CVar [[r.AmbientOcclusionLevels:-1]]
[2023.05.10-16.30.03:229][  0]LogConfig: Setting CVar [[r.AmbientOcclusionRadiusScale:1.0]]
[2023.05.10-16.30.03:229][  0]LogConfig: Setting CVar [[r.DepthOfFieldQuality:2]]
[2023.05.10-16.30.03:229][  0]LogConfig: Setting CVar [[r.RenderTargetPoolMin:400]]
[2023.05.10-16.30.03:229][  0]LogConfig: Setting CVar [[r.LensFlareQuality:2]]
[2023.05.10-16.30.03:229][  0]LogConfig: Setting CVar [[r.SceneColorFringeQuality:1]]
[2023.05.10-16.30.03:229][  0]LogConfig: Setting CVar [[r.EyeAdaptationQuality:2]]
[2023.05.10-16.30.03:229][  0]LogConfig: Setting CVar [[r.BloomQuality:5]]
[2023.05.10-16.30.03:229][  0]LogConfig: Setting CVar [[r.FastBlurThreshold:100]]
[2023.05.10-16.30.03:229][  0]LogConfig: Setting CVar [[r.Upscale.Quality:3]]
[2023.05.10-16.30.03:229][  0]LogConfig: Setting CVar [[r.Tonemapper.GrainQuantization:1]]
[2023.05.10-16.30.03:229][  0]LogConfig: Setting CVar [[r.LightShaftQuality:1]]
[2023.05.10-16.30.03:229][  0]LogConfig: Setting CVar [[r.Filter.SizeScale:1]]
[2023.05.10-16.30.03:229][  0]LogConfig: Setting CVar [[r.Tonemapper.Quality:5]]
[2023.05.10-16.30.03:229][  0]LogConfig: Setting CVar [[r.DOF.Gather.AccumulatorQuality:1        ; higher gathering accumulator quality]]
[2023.05.10-16.30.03:229][  0]LogConfig: Setting CVar [[r.DOF.Gather.PostfilterMethod:1          ; Median3x3 postfilering method]]
[2023.05.10-16.30.03:229][  0]LogConfig: Setting CVar [[r.DOF.Gather.EnableBokehSettings:0       ; no bokeh simulation when gathering]]
[2023.05.10-16.30.03:229][  0]LogConfig: Setting CVar [[r.DOF.Gather.RingCount:4                 ; medium number of samples when gathering]]
[2023.05.10-16.30.03:229][  0]LogConfig: Setting CVar [[r.DOF.Scatter.ForegroundCompositing:1    ; additive foreground scattering]]
[2023.05.10-16.30.03:229][  0]LogConfig: Setting CVar [[r.DOF.Scatter.BackgroundCompositing:2    ; additive background scattering]]
[2023.05.10-16.30.03:229][  0]LogConfig: Setting CVar [[r.DOF.Scatter.EnableBokehSettings:1      ; bokeh simulation when scattering]]
[2023.05.10-16.30.03:229][  0]LogConfig: Setting CVar [[r.DOF.Scatter.MaxSpriteRatio:0.1         ; only a maximum of 10% of scattered bokeh]]
[2023.05.10-16.30.03:229][  0]LogConfig: Setting CVar [[r.DOF.Recombine.Quality:1                ; cheap slight out of focus]]
[2023.05.10-16.30.03:229][  0]LogConfig: Setting CVar [[r.DOF.Recombine.EnableBokehSettings:0    ; no bokeh simulation on slight out of focus]]
[2023.05.10-16.30.03:229][  0]LogConfig: Setting CVar [[r.DOF.TemporalAAQuality:1                ; more stable temporal accumulation]]
[2023.05.10-16.30.03:229][  0]LogConfig: Setting CVar [[r.DOF.Kernel.MaxForegroundRadius:0.025]]
[2023.05.10-16.30.03:229][  0]LogConfig: Setting CVar [[r.DOF.Kernel.MaxBackgroundRadius:0.025]]
[2023.05.10-16.30.03:229][  0]LogConfig: Applying CVar settings from Section [TextureQuality@3] File [F:/Uni Work/UnrealAI/Saved/Config/Windows/Scalability.ini]
[2023.05.10-16.30.03:229][  0]LogConfig: Setting CVar [[r.Streaming.MipBias:0]]
[2023.05.10-16.30.03:229][  0]LogConfig: Setting CVar [[r.Streaming.AmortizeCPUToGPUCopy:0]]
[2023.05.10-16.30.03:229][  0]LogConfig: Setting CVar [[r.Streaming.MaxNumTexturesToStreamPerFrame:0]]
[2023.05.10-16.30.03:229][  0]LogConfig: Setting CVar [[r.Streaming.Boost:1]]
[2023.05.10-16.30.03:229][  0]LogConfig: Setting CVar [[r.MaxAnisotropy:8]]
[2023.05.10-16.30.03:229][  0]LogConfig: Setting CVar [[r.VT.MaxAnisotropy:8]]
[2023.05.10-16.30.03:229][  0]LogConfig: Setting CVar [[r.Streaming.LimitPoolSizeToVRAM:0]]
[2023.05.10-16.30.03:229][  0]LogConfig: Setting CVar [[r.Streaming.PoolSize:1000]]
[2023.05.10-16.30.03:229][  0]LogConfig: Setting CVar [[r.Streaming.MaxEffectiveScreenSize:0]]
[2023.05.10-16.30.03:229][  0]LogConfig: Applying CVar settings from Section [EffectsQuality@3] File [F:/Uni Work/UnrealAI/Saved/Config/Windows/Scalability.ini]
[2023.05.10-16.30.03:229][  0]LogConfig: Setting CVar [[r.TranslucencyLightingVolumeDim:64]]
[2023.05.10-16.30.03:229][  0]LogConfig: Setting CVar [[r.RefractionQuality:2]]
[2023.05.10-16.30.03:229][  0]LogConfig: Setting CVar [[r.SSR.Quality:3]]
[2023.05.10-16.30.03:229][  0]LogConfig: Setting CVar [[r.SSR.HalfResSceneColor:0]]
[2023.05.10-16.30.03:229][  0]LogConfig: Setting CVar [[r.SceneColorFormat:4]]
[2023.05.10-16.30.03:229][  0]LogConfig: Setting CVar [[r.DetailMode:2]]
[2023.05.10-16.30.03:229][  0]LogConfig: Setting CVar [[r.TranslucencyVolumeBlur:1]]
[2023.05.10-16.30.03:229][  0]LogConfig: Setting CVar [[r.MaterialQualityLevel:1 ; High quality]]
[2023.05.10-16.30.03:229][  0]LogConfig: Setting CVar [[r.AnisotropicMaterials:1]]
[2023.05.10-16.30.03:229][  0]LogConfig: Setting CVar [[r.SSS.Scale:1]]
[2023.05.10-16.30.03:229][  0]LogConfig: Setting CVar [[r.SSS.SampleSet:2]]
[2023.05.10-16.30.03:229][  0]LogConfig: Setting CVar [[r.SSS.Quality:1]]
[2023.05.10-16.30.03:229][  0]LogConfig: Setting CVar [[r.SSS.HalfRes:0]]
[2023.05.10-16.30.03:229][  0]LogConfig: Setting CVar [[r.SSGI.Quality:3]]
[2023.05.10-16.30.03:229][  0]LogConfig: Setting CVar [[r.EmitterSpawnRateScale:1.0]]
[2023.05.10-16.30.03:229][  0]LogConfig: Setting CVar [[r.ParticleLightQuality:2]]
[2023.05.10-16.30.03:229][  0]LogConfig: Setting CVar [[r.SkyAtmosphere.AerialPerspectiveLUT.FastApplyOnOpaque:1 ; Always have FastSkyLUT 1 in this case to avoid wrong sky]]
[2023.05.10-16.30.03:229][  0]LogConfig: Setting CVar [[r.SkyAtmosphere.AerialPerspectiveLUT.SampleCountMaxPerSlice:4]]
[2023.05.10-16.30.03:229][  0]LogConfig: Setting CVar [[r.SkyAtmosphere.AerialPerspectiveLUT.DepthResolution:16.0]]
[2023.05.10-16.30.03:229][  0]LogConfig: Setting CVar [[r.SkyAtmosphere.FastSkyLUT:1]]
[2023.05.10-16.30.03:229][  0]LogConfig: Setting CVar [[r.SkyAtmosphere.FastSkyLUT.SampleCountMin:4.0]]
[2023.05.10-16.30.03:229][  0]LogConfig: Setting CVar [[r.SkyAtmosphere.FastSkyLUT.SampleCountMax:128.0]]
[2023.05.10-16.30.03:229][  0]LogConfig: Setting CVar [[r.SkyAtmosphere.SampleCountMin:4.0]]
[2023.05.10-16.30.03:229][  0]LogConfig: Setting CVar [[r.SkyAtmosphere.SampleCountMax:128.0]]
[2023.05.10-16.30.03:229][  0]LogConfig: Setting CVar [[r.SkyAtmosphere.TransmittanceLUT.UseSmallFormat:0]]
[2023.05.10-16.30.03:229][  0]LogConfig: Setting CVar [[r.SkyAtmosphere.TransmittanceLUT.SampleCount:10.0]]
[2023.05.10-16.30.03:229][  0]LogConfig: Setting CVar [[r.SkyAtmosphere.MultiScatteringLUT.SampleCount:15.0]]
[2023.05.10-16.30.03:229][  0]LogConfig: Setting CVar [[r.SkyLight.RealTimeReflectionCapture:1]]
[2023.05.10-16.30.03:229][  0]LogConfig: Applying CVar settings from Section [FoliageQuality@3] File [F:/Uni Work/UnrealAI/Saved/Config/Windows/Scalability.ini]
[2023.05.10-16.30.03:229][  0]LogConfig: Setting CVar [[foliage.DensityScale:1.0]]
[2023.05.10-16.30.03:229][  0]LogConfig: Setting CVar [[grass.DensityScale:1.0]]
[2023.05.10-16.30.03:229][  0]LogConfig: Applying CVar settings from Section [ShadingQuality@3] File [F:/Uni Work/UnrealAI/Saved/Config/Windows/Scalability.ini]
[2023.05.10-16.30.03:229][  0]LogConfig: Setting CVar [[r.HairStrands.SkyLighting.IntegrationType:2]]
[2023.05.10-16.30.03:229][  0]LogConfig: Setting CVar [[r.HairStrands.SkyAO.SampleCount:4]]
[2023.05.10-16.30.03:229][  0]LogConfig: Setting CVar [[r.HairStrands.Visibility.MSAA.SamplePerPixel:4]]
[2023.05.10-16.30.03:229][  0]LogInit: Selected Device Profile: [Windows]
[2023.05.10-16.30.03:229][  0]LogInit: Applying CVar settings loaded from the selected device profile: [Windows]
[2023.05.10-16.30.03:229][  0]LogHAL: Display: Platform has ~ 32 GB [34281717760 / 34359738368 / 32], which maps to Largest [LargestMinGB=32, LargerMinGB=12, DefaultMinGB=8, SmallerMinGB=6, SmallestMinGB=0)
[2023.05.10-16.30.03:229][  0]LogInit: Going up to parent DeviceProfile []
[2023.05.10-16.30.03:230][  0]LogConfig: Applying CVar settings from Section [ViewDistanceQuality@3] File [F:/Uni Work/UnrealAI/Saved/Config/Windows/Scalability.ini]
[2023.05.10-16.30.03:230][  0]LogConfig: Setting CVar [[r.SkeletalMeshLODBias:0]]
[2023.05.10-16.30.03:230][  0]LogConfig: Setting CVar [[r.ViewDistanceScale:1.0]]
[2023.05.10-16.30.03:230][  0]LogConfig: Applying CVar settings from Section [AntiAliasingQuality@3] File [F:/Uni Work/UnrealAI/Saved/Config/Windows/Scalability.ini]
[2023.05.10-16.30.03:230][  0]LogConfig: Setting CVar [[r.PostProcessAAQuality:4]]
[2023.05.10-16.30.03:230][  0]LogConfig: Applying CVar settings from Section [ShadowQuality@3] File [F:/Uni Work/UnrealAI/Saved/Config/Windows/Scalability.ini]
[2023.05.10-16.30.03:230][  0]LogConfig: Setting CVar [[r.LightFunctionQuality:1]]
[2023.05.10-16.30.03:230][  0]LogConfig: Setting CVar [[r.ShadowQuality:5]]
[2023.05.10-16.30.03:230][  0]LogConfig: Setting CVar [[r.Shadow.CSM.MaxCascades:10]]
[2023.05.10-16.30.03:230][  0]LogConfig: Setting CVar [[r.Shadow.MaxResolution:2048]]
[2023.05.10-16.30.03:230][  0]LogConfig: Setting CVar [[r.Shadow.MaxCSMResolution:2048]]
[2023.05.10-16.30.03:230][  0]LogConfig: Setting CVar [[r.Shadow.RadiusThreshold:0.01]]
[2023.05.10-16.30.03:230][  0]LogConfig: Setting CVar [[r.Shadow.DistanceScale:1.0]]
[2023.05.10-16.30.03:230][  0]LogConfig: Setting CVar [[r.Shadow.CSM.TransitionScale:1.0]]
[2023.05.10-16.30.03:230][  0]LogConfig: Setting CVar [[r.Shadow.PreShadowResolutionFactor:1.0]]
[2023.05.10-16.30.03:230][  0]LogConfig: Setting CVar [[r.DistanceFieldShadowing:1]]
[2023.05.10-16.30.03:230][  0]LogConfig: Setting CVar [[r.DistanceFieldAO:1]]
[2023.05.10-16.30.03:230][  0]LogConfig: Setting CVar [[r.AOQuality:2]]
[2023.05.10-16.30.03:230][  0]LogConfig: Setting CVar [[r.VolumetricFog:1]]
[2023.05.10-16.30.03:230][  0]LogConfig: Setting CVar [[r.VolumetricFog.GridPixelSize:8]]
[2023.05.10-16.30.03:230][  0]LogConfig: Setting CVar [[r.VolumetricFog.GridSizeZ:128]]
[2023.05.10-16.30.03:230][  0]LogConfig: Setting CVar [[r.VolumetricFog.HistoryMissSupersampleCount:4]]
[2023.05.10-16.30.03:230][  0]LogConfig: Setting CVar [[r.LightMaxDrawDistanceScale:1]]
[2023.05.10-16.30.03:230][  0]LogConfig: Setting CVar [[r.CapsuleShadows:1]]
[2023.05.10-16.30.03:230][  0]LogConfig: Applying CVar settings from Section [PostProcessQuality@3] File [F:/Uni Work/UnrealAI/Saved/Config/Windows/Scalability.ini]
[2023.05.10-16.30.03:230][  0]LogConfig: Setting CVar [[r.MotionBlurQuality:4]]
[2023.05.10-16.30.03:230][  0]LogConfig: Setting CVar [[r.AmbientOcclusionMipLevelFactor:0.4]]
[2023.05.10-16.30.03:230][  0]LogConfig: Setting CVar [[r.AmbientOcclusionMaxQuality:100]]
[2023.05.10-16.30.03:230][  0]LogConfig: Setting CVar [[r.AmbientOcclusionLevels:-1]]
[2023.05.10-16.30.03:230][  0]LogConfig: Setting CVar [[r.AmbientOcclusionRadiusScale:1.0]]
[2023.05.10-16.30.03:230][  0]LogConfig: Setting CVar [[r.DepthOfFieldQuality:2]]
[2023.05.10-16.30.03:230][  0]LogConfig: Setting CVar [[r.RenderTargetPoolMin:400]]
[2023.05.10-16.30.03:230][  0]LogConfig: Setting CVar [[r.LensFlareQuality:2]]
[2023.05.10-16.30.03:230][  0]LogConfig: Setting CVar [[r.SceneColorFringeQuality:1]]
[2023.05.10-16.30.03:230][  0]LogConfig: Setting CVar [[r.EyeAdaptationQuality:2]]
[2023.05.10-16.30.03:230][  0]LogConfig: Setting CVar [[r.BloomQuality:5]]
[2023.05.10-16.30.03:230][  0]LogConfig: Setting CVar [[r.FastBlurThreshold:100]]
[2023.05.10-16.30.03:230][  0]LogConfig: Setting CVar [[r.Upscale.Quality:3]]
[2023.05.10-16.30.03:230][  0]LogConfig: Setting CVar [[r.Tonemapper.GrainQuantization:1]]
[2023.05.10-16.30.03:230][  0]LogConfig: Setting CVar [[r.LightShaftQuality:1]]
[2023.05.10-16.30.03:230][  0]LogConfig: Setting CVar [[r.Filter.SizeScale:1]]
[2023.05.10-16.30.03:230][  0]LogConfig: Setting CVar [[r.Tonemapper.Quality:5]]
[2023.05.10-16.30.03:230][  0]LogConfig: Setting CVar [[r.DOF.Gather.AccumulatorQuality:1        ; higher gathering accumulator quality]]
[2023.05.10-16.30.03:230][  0]LogConfig: Setting CVar [[r.DOF.Gather.PostfilterMethod:1          ; Median3x3 postfilering method]]
[2023.05.10-16.30.03:230][  0]LogConfig: Setting CVar [[r.DOF.Gather.EnableBokehSettings:0       ; no bokeh simulation when gathering]]
[2023.05.10-16.30.03:230][  0]LogConfig: Setting CVar [[r.DOF.Gather.RingCount:4                 ; medium number of samples when gathering]]
[2023.05.10-16.30.03:230][  0]LogConfig: Setting CVar [[r.DOF.Scatter.ForegroundCompositing:1    ; additive foreground scattering]]
[2023.05.10-16.30.03:230][  0]LogConfig: Setting CVar [[r.DOF.Scatter.BackgroundCompositing:2    ; additive background scattering]]
[2023.05.10-16.30.03:230][  0]LogConfig: Setting CVar [[r.DOF.Scatter.EnableBokehSettings:1      ; bokeh simulation when scattering]]
[2023.05.10-16.30.03:230][  0]LogConfig: Setting CVar [[r.DOF.Scatter.MaxSpriteRatio:0.1         ; only a maximum of 10% of scattered bokeh]]
[2023.05.10-16.30.03:230][  0]LogConfig: Setting CVar [[r.DOF.Recombine.Quality:1                ; cheap slight out of focus]]
[2023.05.10-16.30.03:230][  0]LogConfig: Setting CVar [[r.DOF.Recombine.EnableBokehSettings:0    ; no bokeh simulation on slight out of focus]]
[2023.05.10-16.30.03:230][  0]LogConfig: Setting CVar [[r.DOF.TemporalAAQuality:1                ; more stable temporal accumulation]]
[2023.05.10-16.30.03:230][  0]LogConfig: Setting CVar [[r.DOF.Kernel.MaxForegroundRadius:0.025]]
[2023.05.10-16.30.03:230][  0]LogConfig: Setting CVar [[r.DOF.Kernel.MaxBackgroundRadius:0.025]]
[2023.05.10-16.30.03:230][  0]LogConfig: Applying CVar settings from Section [TextureQuality@3] File [F:/Uni Work/UnrealAI/Saved/Config/Windows/Scalability.ini]
[2023.05.10-16.30.03:230][  0]LogConfig: Setting CVar [[r.Streaming.MipBias:0]]
[2023.05.10-16.30.03:230][  0]LogConfig: Setting CVar [[r.Streaming.AmortizeCPUToGPUCopy:0]]
[2023.05.10-16.30.03:230][  0]LogConfig: Setting CVar [[r.Streaming.MaxNumTexturesToStreamPerFrame:0]]
[2023.05.10-16.30.03:230][  0]LogConfig: Setting CVar [[r.Streaming.Boost:1]]
[2023.05.10-16.30.03:230][  0]LogConfig: Setting CVar [[r.MaxAnisotropy:8]]
[2023.05.10-16.30.03:230][  0]LogConfig: Setting CVar [[r.VT.MaxAnisotropy:8]]
[2023.05.10-16.30.03:230][  0]LogConfig: Setting CVar [[r.Streaming.LimitPoolSizeToVRAM:0]]
[2023.05.10-16.30.03:230][  0]LogConfig: Setting CVar [[r.Streaming.PoolSize:1000]]
[2023.05.10-16.30.03:230][  0]LogConfig: Setting CVar [[r.Streaming.MaxEffectiveScreenSize:0]]
[2023.05.10-16.30.03:230][  0]LogConfig: Applying CVar settings from Section [EffectsQuality@3] File [F:/Uni Work/UnrealAI/Saved/Config/Windows/Scalability.ini]
[2023.05.10-16.30.03:230][  0]LogConfig: Setting CVar [[r.TranslucencyLightingVolumeDim:64]]
[2023.05.10-16.30.03:230][  0]LogConfig: Setting CVar [[r.RefractionQuality:2]]
[2023.05.10-16.30.03:230][  0]LogConfig: Setting CVar [[r.SSR.Quality:3]]
[2023.05.10-16.30.03:230][  0]LogConfig: Setting CVar [[r.SSR.HalfResSceneColor:0]]
[2023.05.10-16.30.03:230][  0]LogConfig: Setting CVar [[r.SceneColorFormat:4]]
[2023.05.10-16.30.03:230][  0]LogConfig: Setting CVar [[r.DetailMode:2]]
[2023.05.10-16.30.03:230][  0]LogConfig: Setting CVar [[r.TranslucencyVolumeBlur:1]]
[2023.05.10-16.30.03:230][  0]LogConfig: Setting CVar [[r.MaterialQualityLevel:1 ; High quality]]
[2023.05.10-16.30.03:230][  0]LogConfig: Setting CVar [[r.AnisotropicMaterials:1]]
[2023.05.10-16.30.03:230][  0]LogConfig: Setting CVar [[r.SSS.Scale:1]]
[2023.05.10-16.30.03:230][  0]LogConfig: Setting CVar [[r.SSS.SampleSet:2]]
[2023.05.10-16.30.03:230][  0]LogConfig: Setting CVar [[r.SSS.Quality:1]]
[2023.05.10-16.30.03:230][  0]LogConfig: Setting CVar [[r.SSS.HalfRes:0]]
[2023.05.10-16.30.03:230][  0]LogConfig: Setting CVar [[r.SSGI.Quality:3]]
[2023.05.10-16.30.03:230][  0]LogConfig: Setting CVar [[r.EmitterSpawnRateScale:1.0]]
[2023.05.10-16.30.03:230][  0]LogConfig: Setting CVar [[r.ParticleLightQuality:2]]
[2023.05.10-16.30.03:230][  0]LogConfig: Setting CVar [[r.SkyAtmosphere.AerialPerspectiveLUT.FastApplyOnOpaque:1 ; Always have FastSkyLUT 1 in this case to avoid wrong sky]]
[2023.05.10-16.30.03:230][  0]LogConfig: Setting CVar [[r.SkyAtmosphere.AerialPerspectiveLUT.SampleCountMaxPerSlice:4]]
[2023.05.10-16.30.03:230][  0]LogConfig: Setting CVar [[r.SkyAtmosphere.AerialPerspectiveLUT.DepthResolution:16.0]]
[2023.05.10-16.30.03:230][  0]LogConfig: Setting CVar [[r.SkyAtmosphere.FastSkyLUT:1]]
[2023.05.10-16.30.03:230][  0]LogConfig: Setting CVar [[r.SkyAtmosphere.FastSkyLUT.SampleCountMin:4.0]]
[2023.05.10-16.30.03:230][  0]LogConfig: Setting CVar [[r.SkyAtmosphere.FastSkyLUT.SampleCountMax:128.0]]
[2023.05.10-16.30.03:230][  0]LogConfig: Setting CVar [[r.SkyAtmosphere.SampleCountMin:4.0]]
[2023.05.10-16.30.03:230][  0]LogConfig: Setting CVar [[r.SkyAtmosphere.SampleCountMax:128.0]]
[2023.05.10-16.30.03:230][  0]LogConfig: Setting CVar [[r.SkyAtmosphere.TransmittanceLUT.UseSmallFormat:0]]
[2023.05.10-16.30.03:230][  0]LogConfig: Setting CVar [[r.SkyAtmosphere.TransmittanceLUT.SampleCount:10.0]]
[2023.05.10-16.30.03:230][  0]LogConfig: Setting CVar [[r.SkyAtmosphere.MultiScatteringLUT.SampleCount:15.0]]
[2023.05.10-16.30.03:230][  0]LogConfig: Setting CVar [[r.SkyLight.RealTimeReflectionCapture:1]]
[2023.05.10-16.30.03:230][  0]LogConfig: Applying CVar settings from Section [FoliageQuality@3] File [F:/Uni Work/UnrealAI/Saved/Config/Windows/Scalability.ini]
[2023.05.10-16.30.03:230][  0]LogConfig: Setting CVar [[foliage.DensityScale:1.0]]
[2023.05.10-16.30.03:230][  0]LogConfig: Setting CVar [[grass.DensityScale:1.0]]
[2023.05.10-16.30.03:230][  0]LogConfig: Applying CVar settings from Section [ShadingQuality@3] File [F:/Uni Work/UnrealAI/Saved/Config/Windows/Scalability.ini]
[2023.05.10-16.30.03:230][  0]LogConfig: Setting CVar [[r.HairStrands.SkyLighting.IntegrationType:2]]
[2023.05.10-16.30.03:230][  0]LogConfig: Setting CVar [[r.HairStrands.SkyAO.SampleCount:4]]
[2023.05.10-16.30.03:230][  0]LogConfig: Setting CVar [[r.HairStrands.Visibility.MSAA.SamplePerPixel:4]]
[2023.05.10-16.30.03:230][  0]LogConfig: Applying CVar settings from Section [Startup] File [../../../Engine/Config/ConsoleVariables.ini]
[2023.05.10-16.30.03:230][  0]LogConfig: Setting CVar [[net.UseAdaptiveNetUpdateFrequency:0]]
[2023.05.10-16.30.03:230][  0]LogConfig: Setting CVar [[p.chaos.AllowCreatePhysxBodies:1]]
[2023.05.10-16.30.03:230][  0]LogConfig: Setting CVar [[fx.SkipVectorVMBackendOptimizations:1]]
[2023.05.10-16.30.03:230][  0]LogConfig: Applying CVar settings from Section [ConsoleVariables] File [F:/Uni Work/UnrealAI/Saved/Config/Windows/Engine.ini]
[2023.05.10-16.30.03:230][  0]LogConfig: Applying CVar settings from Section [ConsoleVariables] File [F:/Uni Work/UnrealAI/Saved/Config/Windows/Editor.ini]
[2023.05.10-16.30.03:230][  0]LogInit: Computer: DESKTOP-QRK0DVV
[2023.05.10-16.30.03:230][  0]LogInit: User: Owner
[2023.05.10-16.30.03:230][  0]LogInit: CPU Page size=4096, Cores=6
[2023.05.10-16.30.03:230][  0]LogInit: High frequency timer resolution =10.000000 MHz
[2023.05.10-16.30.03:230][  0]LogMemory: Memory total: Physical=31.9GB (32GB approx)
[2023.05.10-16.30.03:231][  0]LogMemory: Platform Memory Stats for Windows
[2023.05.10-16.30.03:231][  0]LogMemory: Process Physical Memory: 146.95 MB used, 146.95 MB peak
[2023.05.10-16.30.03:231][  0]LogMemory: Process Virtual Memory: 130.73 MB used, 130.73 MB peak
[2023.05.10-16.30.03:231][  0]LogMemory: Physical Memory: 8322.64 MB used,  24370.95 MB free, 32693.59 MB total
[2023.05.10-16.30.03:231][  0]LogMemory: Virtual Memory: 134191816.00 MB used,  25915.44 MB free, 134217728.00 MB total
[2023.05.10-16.30.03:232][  0]LogWindows: WindowsPlatformFeatures enabled
[2023.05.10-16.30.03:258][  0]LogInit: Physics initialised using underlying interface: PhysX
[2023.05.10-16.30.03:258][  0]LogInit: Using OS detected language (en-GB).
[2023.05.10-16.30.03:258][  0]LogInit: Using OS detected locale (en-GB).
[2023.05.10-16.30.03:260][  0]LogTextLocalizationManager: No specific localization for 'en-GB' exists, so the 'en' localization will be used.
[2023.05.10-16.30.03:385][  0]LogInit: Setting process to per monitor DPI aware
[2023.05.10-16.30.03:413][  0]LogWindowsTextInputMethodSystem: Display: IME system deactivated.
[2023.05.10-16.30.03:435][  0]LogSlate: New Slate User Created.  User Index 0, Is Virtual User: 0
[2023.05.10-16.30.03:435][  0]LogSlate: Slate User Registered.  User Index 0, Is Virtual User: 0
[2023.05.10-16.30.03:524][  0]LogD3D11RHI: Loaded GFSDK_Aftermath_Lib.x64.dll
[2023.05.10-16.30.03:527][  0]LogHMD: Failed to initialize OpenVR with code 110
[2023.05.10-16.30.03:527][  0]LogD3D11RHI: D3D11 min allowed feature level: 11_0
[2023.05.10-16.30.03:527][  0]LogD3D11RHI: D3D11 max allowed feature level: 11_0
[2023.05.10-16.30.03:527][  0]LogD3D11RHI: D3D11 adapters:
[2023.05.10-16.30.03:623][  0]LogD3D11RHI:    0. 'NVIDIA GeForce RTX 3060' (Feature Level 11_0)
[2023.05.10-16.30.03:623][  0]LogD3D11RHI:       12129/0/16346 MB DedicatedVideo/DedicatedSystem/SharedSystem, Outputs:2, VendorId:0x10de
[2023.05.10-16.30.03:625][  0]LogD3D11RHI:    1. 'Microsoft Basic Render Driver' (Feature Level 11_0)
[2023.05.10-16.30.03:625][  0]LogD3D11RHI:       0/0/16346 MB DedicatedVideo/DedicatedSystem/SharedSystem, Outputs:0, VendorId:0x1414
[2023.05.10-16.30.03:625][  0]LogD3D11RHI: Chosen D3D11 Adapter:
[2023.05.10-16.30.03:625][  0]LogD3D11RHI:     Description : NVIDIA GeForce RTX 3060
[2023.05.10-16.30.03:625][  0]LogD3D11RHI:     VendorId    : 10de
[2023.05.10-16.30.03:625][  0]LogD3D11RHI:     DeviceId    : 2504
[2023.05.10-16.30.03:625][  0]LogD3D11RHI:     SubSysId    : 40961458
[2023.05.10-16.30.03:625][  0]LogD3D11RHI:     Revision    : 00a1
[2023.05.10-16.30.03:625][  0]LogD3D11RHI:     DedicatedVideoMemory : 12718178304 bytes
[2023.05.10-16.30.03:625][  0]LogD3D11RHI:     DedicatedSystemMemory : 0 bytes
[2023.05.10-16.30.03:625][  0]LogD3D11RHI:     SharedSystemMemory : 17140858880 bytes
[2023.05.10-16.30.03:625][  0]LogD3D11RHI:     AdapterLuid : 0 51298
[2023.05.10-16.30.03:630][  0]LogD3D11RHI: Creating new Direct3DDevice
[2023.05.10-16.30.03:630][  0]LogD3D11RHI:     GPU DeviceId: 0x2504 (for the marketing name, search the web for "GPU Device Id")
[2023.05.10-16.30.03:630][  0]LogWindows: EnumDisplayDevices:
[2023.05.10-16.30.03:631][  0]LogWindows:    0. 'NVIDIA GeForce RTX 3060' (P:0 D:1)
[2023.05.10-16.30.03:631][  0]LogWindows:    1. 'NVIDIA GeForce RTX 3060' (P:1 D:1)
[2023.05.10-16.30.03:631][  0]LogWindows:    2. 'NVIDIA GeForce RTX 3060' (P:0 D:0)
[2023.05.10-16.30.03:631][  0]LogWindows:    3. 'NVIDIA GeForce RTX 3060' (P:0 D:0)
[2023.05.10-16.30.03:631][  0]LogWindows: DebugString: FoundDriverCount:4 
[2023.05.10-16.30.03:631][  0]LogD3D11RHI:     Adapter Name: NVIDIA GeForce RTX 3060
[2023.05.10-16.30.03:631][  0]LogD3D11RHI:   Driver Version: 531.79 (internal:31.0.15.3179, unified:531.79)
[2023.05.10-16.30.03:631][  0]LogD3D11RHI:      Driver Date: 4-25-2023
[2023.05.10-16.30.03:631][  0]LogRHI: Texture pool is 8490 MB (70% of 12129 MB)
[2023.05.10-16.30.03:631][  0]LogD3D11RHI: Creating D3DDevice using adapter:
[2023.05.10-16.30.03:631][  0]LogD3D11RHI:     Description : NVIDIA GeForce RTX 3060
[2023.05.10-16.30.03:631][  0]LogD3D11RHI:     VendorId    : 10de
[2023.05.10-16.30.03:631][  0]LogD3D11RHI:     DeviceId    : 2504
[2023.05.10-16.30.03:631][  0]LogD3D11RHI:     SubSysId    : 40961458
[2023.05.10-16.30.03:631][  0]LogD3D11RHI:     Revision    : 00a1
[2023.05.10-16.30.03:631][  0]LogD3D11RHI:     DedicatedVideoMemory : 12718178304 bytes
[2023.05.10-16.30.03:631][  0]LogD3D11RHI:     DedicatedSystemMemory : 0 bytes
[2023.05.10-16.30.03:631][  0]LogD3D11RHI:     SharedSystemMemory : 17140858880 bytes
[2023.05.10-16.30.03:631][  0]LogD3D11RHI:     AdapterLuid : 0 51298
[2023.05.10-16.30.03:697][  0]LogD3D11RHI: RHI has support for 64 bit atomics
[2023.05.10-16.30.03:697][  0]LogD3D11RHI: Async texture creation enabled
[2023.05.10-16.30.03:697][  0]LogD3D11RHI: Array index from any shader is supported
[2023.05.10-16.30.03:711][  0]LogD3D11RHI: GPU Timing Frequency: 1000.000000 (Debug: 2 1)
[2023.05.10-16.30.03:729][  0]LogRHI: GeForceNow SDK initialized: 1
[2023.05.10-16.30.03:934][  0]LogTargetPlatformManager: Display: Loaded TargetPlatform 'AllDesktop'
[2023.05.10-16.30.03:949][  0]LogTargetPlatformManager: Display: Loaded TargetPlatform 'Android'
[2023.05.10-16.30.03:949][  0]LogTargetPlatformManager: Display: Loaded TargetPlatform 'Android_ASTC'
[2023.05.10-16.30.03:949][  0]LogTargetPlatformManager: Display: Loaded TargetPlatform 'Android_DXT'
[2023.05.10-16.30.03:949][  0]LogTargetPlatformManager: Display: Loaded TargetPlatform 'Android_ETC2'
[2023.05.10-16.30.03:949][  0]LogTargetPlatformManager: Display: Loaded TargetPlatform 'AndroidClient'
[2023.05.10-16.30.03:949][  0]LogTargetPlatformManager: Display: Loaded TargetPlatform 'Android_ASTCClient'
[2023.05.10-16.30.03:949][  0]LogTargetPlatformManager: Display: Loaded TargetPlatform 'Android_DXTClient'
[2023.05.10-16.30.03:949][  0]LogTargetPlatformManager: Display: Loaded TargetPlatform 'Android_ETC2Client'
[2023.05.10-16.30.03:949][  0]LogTargetPlatformManager: Display: Loaded TargetPlatform 'Android_Multi'
[2023.05.10-16.30.03:949][  0]LogTargetPlatformManager: Display: Loaded TargetPlatform 'Android_MultiClient'
[2023.05.10-16.30.03:961][  0]LogTargetPlatformManager: Display: Loaded TargetPlatform 'IOSClient'
[2023.05.10-16.30.03:961][  0]LogTargetPlatformManager: Display: Loaded TargetPlatform 'IOS'
[2023.05.10-16.30.03:967][  0]LogTargetPlatformManager: Display: Loaded TargetPlatform 'Linux'
[2023.05.10-16.30.03:971][  0]LogTargetPlatformManager: Display: Loaded TargetPlatform 'LinuxNoEditor'
[2023.05.10-16.30.03:973][  0]LogTargetPlatformManager: Display: Loaded TargetPlatform 'LinuxClient'
[2023.05.10-16.30.03:976][  0]LogTargetPlatformManager: Display: Loaded TargetPlatform 'LinuxServer'
[2023.05.10-16.30.03:982][  0]LogTargetPlatformManager: Display: Loaded TargetPlatform 'LinuxAArch64NoEditor'
[2023.05.10-16.30.03:985][  0]LogTargetPlatformManager: Display: Loaded TargetPlatform 'LinuxAArch64Client'
[2023.05.10-16.30.03:988][  0]LogTargetPlatformManager: Display: Loaded TargetPlatform 'LinuxAArch64Server'
[2023.05.10-16.30.04:002][  0]LogTargetPlatformManager: Display: Loaded TargetPlatform 'Lumin'
[2023.05.10-16.30.04:002][  0]LogTargetPlatformManager: Display: Loaded TargetPlatform 'LuminClient'
[2023.05.10-16.30.04:007][  0]LogTargetPlatformManager: Display: Loaded TargetPlatform 'MacNoEditor'
[2023.05.10-16.30.04:010][  0]LogTargetPlatformManager: Display: Loaded TargetPlatform 'Mac'
[2023.05.10-16.30.04:013][  0]LogTargetPlatformManager: Display: Loaded TargetPlatform 'MacClient'
[2023.05.10-16.30.04:015][  0]LogTargetPlatformManager: Display: Loaded TargetPlatform 'MacServer'
[2023.05.10-16.30.04:021][  0]LogTargetPlatformManager: Display: Loaded TargetPlatform 'TVOSClient'
[2023.05.10-16.30.04:021][  0]LogTargetPlatformManager: Display: Loaded TargetPlatform 'TVOS'
[2023.05.10-16.30.04:027][  0]LogTargetPlatformManager: Display: Loaded TargetPlatform 'WindowsNoEditor'
[2023.05.10-16.30.04:029][  0]LogTargetPlatformManager: Display: Loaded TargetPlatform 'Windows'
[2023.05.10-16.30.04:032][  0]LogTargetPlatformManager: Display: Loaded TargetPlatform 'WindowsClient'
[2023.05.10-16.30.04:035][  0]LogTargetPlatformManager: Display: Loaded TargetPlatform 'WindowsServer'
[2023.05.10-16.30.04:035][  0]LogTargetPlatformManager: Display: Building Assets For Windows
[2023.05.10-16.30.04:039][  0]LogAudioDebug: Display: Lib vorbis DLL was dynamically loaded.
[2023.05.10-16.30.04:057][  0]LogTextureFormatOodle: Display: Oodle Texture 2.9.0 init RDO Off
[2023.05.10-16.30.04:076][  0]LogRendererCore: Ray tracing is disabled. Reason: r.RayTracing=0.
[2023.05.10-16.30.04:076][  0]LogShaderCompilers: Guid format shader working directory is 25 characters bigger than the processId version (F:/Uni Work/UnrealAI/Intermediate/Shaders/WorkingDirectory/19300/).
[2023.05.10-16.30.04:076][  0]LogShaderCompilers: Cleaned the shader compiler working directory 'C:/Users/Owner/AppData/Local/Temp/UnrealShaderWorkingDir/ED92782F4C7229BE929FAF8E81B83C40/'.
[2023.05.10-16.30.04:076][  0]LogXGEController: Cannot use XGE Controller as Incredibuild is not installed on this machine.
[2023.05.10-16.30.04:077][  0]LogShaderCompilers: Cannot use XGE Shader Compiler as Incredibuild is not installed on this machine.
[2023.05.10-16.30.04:077][  0]LogShaderCompilers: Display: Using Local Shader Compiler.
[2023.05.10-16.30.04:595][  0]LogDerivedDataCache: Display: Max Cache Size: 512 MB
[2023.05.10-16.30.04:620][  0]LogDerivedDataCache: Loaded boot cache 0.03s 94MB C:/Users/Owner/AppData/Local/UnrealEngine/4.27/DerivedDataCache/Boot.ddc.
[2023.05.10-16.30.04:621][  0]LogDerivedDataCache: Display: Loaded Boot cache: C:/Users/Owner/AppData/Local/UnrealEngine/4.27/DerivedDataCache/Boot.ddc
[2023.05.10-16.30.04:621][  0]LogDerivedDataCache: FDerivedDataBackendGraph:  Pak pak cache file F:/Uni Work/UnrealAI/DerivedDataCache/DDC.ddp not found, will not use a pak cache.
[2023.05.10-16.30.04:621][  0]LogDerivedDataCache: Unable to find inner node Pak for hierarchical cache Hierarchy.
[2023.05.10-16.30.04:621][  0]LogDerivedDataCache: FDerivedDataBackendGraph:  CompressedPak pak cache file F:/Uni Work/UnrealAI/DerivedDataCache/Compressed.ddp not found, will not use a pak cache.
[2023.05.10-16.30.04:621][  0]LogDerivedDataCache: Unable to find inner node CompressedPak for hierarchical cache Hierarchy.
[2023.05.10-16.30.04:635][  0]LogDerivedDataCache: Display: Pak cache opened for reading ../../../Engine/DerivedDataCache/Compressed.ddp.
[2023.05.10-16.30.04:635][  0]LogDerivedDataCache: FDerivedDataBackendGraph:  EnterprisePak pak cache file ../../../Enterprise/DerivedDataCache/Compressed.ddp not found, will not use a pak cache.
[2023.05.10-16.30.04:635][  0]LogDerivedDataCache: Unable to find inner node EnterprisePak for hierarchical cache Hierarchy.
[2023.05.10-16.30.04:643][  0]LogDerivedDataCache: Speed tests for C:/Users/Owner/AppData/Local/UnrealEngine/Common/DerivedDataCache took 0.01 seconds
[2023.05.10-16.30.04:643][  0]LogDerivedDataCache: Display: Performance to C:/Users/Owner/AppData/Local/UnrealEngine/Common/DerivedDataCache: Latency=0.02ms. RandomReadSpeed=1474.76MBs, RandomWriteSpeed=137.92MBs. Assigned SpeedClass 'Local'
[2023.05.10-16.30.04:643][  0]LogDerivedDataCache: Using Local data cache path C:/Users/Owner/AppData/Local/UnrealEngine/Common/DerivedDataCache: Writable
[2023.05.10-16.30.04:644][  0]LogDerivedDataCache: Shared data cache path not found in *engine.ini, will not use an Shared cache.
[2023.05.10-16.30.04:644][  0]LogDerivedDataCache: Unable to find inner node Shared for hierarchical cache Hierarchy.
[2023.05.10-16.30.04:802][  0]LogSlate: Using FreeType 2.10.0
[2023.05.10-16.30.04:817][  0]LogSlate: SlateFontServices - WITH_FREETYPE: 1, WITH_HARFBUZZ: 1
[2023.05.10-16.30.04:877][  0]LogAssetRegistry: FAssetRegistry took 0.0022 seconds to start up
[2023.05.10-16.30.05:059][  0]LogInit: Selected Device Profile: [Windows]
[2023.05.10-16.30.05:059][  0]LogInit: Active device profile: [000001A5A3275400][000001A59CE9D2C0 49] Windows
[2023.05.10-16.30.05:059][  0]LogInit: Profiles: [000001A5A3275400][000001A59CE9D2C0 49] Windows, [000001A5A3243400][000001A59CEA5440 49] WindowsNoEditor, [000001A5A3276200][000001A59CEA95C0 49] WindowsServer, [000001A5A3242300][000001A59FEED740 49] WindowsClient, [000001A5A3276F00][000001A59FEF18C0 49] IOS, [000001A5A3241600][000001A59FEF5A40 49] iPadAir, [000001A5A3277C00][000001A59FEF9BC0 49] iPadAir2, [000001A5A31F2600][000001A59FF00300 49] IPadPro, [000001A5A31F2700][000001A59FEFC340 49] iPadAir3, [000001A5A3240300][000001A59CEA0480 49] iPadAir4, [000001A5A31F3500][000001A59FF045C0 49] iPadMini2, [000001A5A3243800][000001A59D672700 49] iPadMini3, [000001A5A31F2400][000001A59D67A880 49] iPadMini4, [000001A5A3242700][000001A59D67EA00 49] iPadMini5, [000001A5A322DF00][000001A59D686CC0 49] iPhone6, [000001A5A322E000][000001A59D682D00 49] iPodTouch6, [000001A5A3276D00][000001A59D68EFC0 49] iPhone7, [000001A5A3275500][000001A59D68B000 49] iPodTouch7, [000001A5A31F3200][000001A59D693180 49] iPhone5S, [000001A5A3276000][000001A59D697300 49] iPhone6Plus, [000001A5A31F1200][000001A59D69B480 49] iPhone6S, [000001A5A3276B00][000001A59D69F600 49] iPhone6SPlus, [000001A5A31F0A00][000001A59D6A3780 49] iPhone7Plus, [000001A5A3275100][000001A59D6A7900 49] iPhoneSE, [000001A5A31F0800][000001A59AEB9A80 49] iPhone8, [000001A5A3276C00][000001A59AEBDC00 49] iPhone8Plus, [000001A5A31F3100][000001A59AEC0200 49] iPhoneX, [000001A5A3274F00][000001A59AEC4380 49] iPhoneXS, [000001A5A31F2F00][000001A59AEC8500 49] iPhoneXSMax, [000001A5A3276900][000001A59D676640 49] iPhoneXR, [000001A5A322C400][000001A59AECC780 49] iPhone11, [000001A5A31F1300][000001A59AED08C0 49] iPhone11Pro, [000001A5A322CC00][000001A59AED8A40 49] iPhone11ProMax, [000001A5A31F1B00][000001A59AEDCBC0 49] iPhoneSE2, [000001A5A322D400][000001A59AEE0D40 49] iPhone12Mini, [000001A5A31F2300][000001A59AEE4EC0 49] iPhone12, [000001A5A322DA00][000001A59AEE9040 49] iPhone12Pro, [000001A5A31F2100][000001A59AEED1C0 49] iPhone12ProMax, [000001A5A322DD00][000001A59AEF1340 49] iPadPro105, [000001A5A31F1C00][000001A59AF514C0 49] iPadPro129, [000001A5A322FF00][000001A59AF55640 49] iPadPro97, [000001A5A31F0400][000001A59AF597C0 49] iPadPro2_129, [000001A5A3275D00][000001A59AF5D940 49] iPad5, [000001A5A322DE00][000001A59AF61AC0 49] iPad6, [000001A5A31F1F00][000001A59AF640C0 49] iPad7, [000001A5A322C800][000001A59AF68240 49] iPad8, [000001A5A31F3C00][000001A59AF6C3C0 49] iPadPro11, [000001A5A322C900][000001A59AF70540 49] iPadPro2_11, [000001A5A31F1400][000001A59AF746C0 49] iPadPro3_129, [000001A5A322F500][000001A59AED4800 49] iPadPro4_129, [000001A5A31F0D00][000001A59AF78940 49] AppleTV, [000001A5A322D000][000001A59AF7CA80 49] AppleTV4K, [000001A5A31F0100][000001A59AF80BC0 49] TVOS, [000001A5A322CD00][000001A59AF88D40 49] Mac, [000001A5A31F3700][000001A59AF8CEC0 49] MacClient, [000001A5A322E400][000001A59AF91040 49] MacNoEditor, [000001A5A31F1800][000001A59AF951C0 49] MacServer, [000001A5A322ED00][000001A59AF99340 49] Linux, [000001A5A31F2500][000001A5A36CF4C0 49] LinuxAArch64, [000001A5A322CB00][000001A5A36D3640 49] LinuxNoEditor, [000001A5A31F3400][000001A5A36D77C0 49] LinuxAArch64NoEditor, [000001A5A322D800][000001A5A36DB940 49] LinuxClient, [000001A5A31F0300][000001A5A36DFAC0 49] LinuxAArch64Client, [000001A5A322D200][000001A5A36E20C0 49] LinuxServer, [000001A5A31F3000][000001A5A36E6240 49] LinuxAArch64Server, [000001A5A322E600][000001A5A36EA3C0 49] Android, [000001A5A31F1D00][000001A5A36EE540 49] Android_Low, [000001A5A322E900][000001A5A36F26C0 49] Android_Mid, [000001A5A31F1100][000001A5A36F6840 49] Android_High, [000001A5A322C300][000001A59AF84980 49] Android_Default, [000001A5A31F0500][000001A5A36FAAC0 49] Android_Adreno4xx, [000001A5A322D900][000001A5A36FEC00 49] Android_Adreno5xx_Low, [000001A5A31F2900][000001A5A3702D40 49] Android_Adreno5xx, [000001A5A322CA00][000001A5A370AEC0 49] Android_Adreno6xx, [000001A5A31F3A00][000001A5A370F040 49] Android_Adreno6xx_Vulkan, [000001A5A322FB00][000001A5A37131C0 49] Android_Mali_T6xx, [000001A5A31F1600][000001A5A3717340 49] Android_Mali_T7xx, [000001A5A322DC00][000001A5A371B4C0 49] Android_Mali_T8xx, [000001A5A31F1A00][000001A5A371F640 49] Android_Mali_G71, [000001A5A322D100][000001A5A37237C0 49] Android_Mali_G72, [000001A5A31F0900][000001A5A3727940 49] Android_Mali_G72_Vulkan, [000001A5A322CF00][000001A5A372BAC0 49] Android_Mali_G76, [000001A5A31F2C00][000001A5A372E0C0 49] Android_Mali_G76_Vulkan, [000001A5A322D300][000001A5A3732240 49] Android_Mali_G77, [000001A5A31F1000][000001A5A37363C0 49] Android_Mali_G77_Vulkan, [000001A5A322EA00][000001A5A373A540 49] Android_Mali_G78, [000001A5A31F0C00][000001A5A373E6C0 49] Android_Mali_G78_Vulkan, [000001A5A322E800][000001A5A3742840 49] Android_Mali_G710, [000001A5A31F0700][000001A5A37469C0 49] Android_Mali_G710_Vulkan, [000001A5A3242800][000001A5A374AB40 49] Android_Vulkan_SM5, [000001A5A3274E00][000001A5A3706C80 49] Android_PowerVR_G6xxx, [000001A5A3240B00][000001A5A374EDC0 49] Android_PowerVR_GT7xxx, [000001A5A3274400][000001A5A3752F00 49] Android_PowerVR_GE8xxx, [000001A5A3243E00][000001A5A375B080 49] Android_PowerVR_GM9xxx, [000001A5A3277F00][000001A5A375F200 49] Android_PowerVR_GM9xxx_Vulkan, [000001A5A3240D00][000001A5A3763380 49] Android_TegraK1, [000001A5A3276A00][000001A5A3793500 49] Android_Unknown_Vulkan, [000001A5A3241700][000001A5A37BF680 49] Lumin, [000001A5A3277400][000001A5A37CD800 49] Lumin_Desktop, [000001A5A3240400][000001A5A37D1980 49] HoloLens, 
[2023.05.10-16.30.05:229][  0]LogMeshReduction: Using QuadricMeshReduction for automatic static mesh reduction
[2023.05.10-16.30.05:229][  0]LogMeshReduction: Using SimplygonMeshReduction for automatic skeletal mesh reduction
[2023.05.10-16.30.05:229][  0]LogMeshReduction: Using ProxyLODMeshReduction for automatic mesh merging
[2023.05.10-16.30.05:229][  0]LogMeshReduction: No distributed automatic mesh merging module available
[2023.05.10-16.30.05:229][  0]LogMeshMerging: No distributed automatic mesh merging module available
[2023.05.10-16.30.05:284][  0]LogNetVersion: UnrealAI 1.0.0, NetCL: 17155196, EngineNetVer: 17, GameNetVer: 0 (Checksum: 1987587245)
